0 info it worked if it ends with ok
1 verbose cli [ '/opt/node-v4.0.0-linux-x64/bin/node',
1 verbose cli   '/opt/node-v4.0.0-linux-x64/bin/npm',
1 verbose cli   'i',
1 verbose cli   'md5',
1 verbose cli   '--save' ]
2 info using npm@2.14.2
3 info using node@v4.0.0
4 verbose install initial load of /home/max/gopath/src/github.com/Maksadbek/wherepo/ui/package.json
5 warn package.json Wherepo@0.0.3 No README data
6 warn package.json Wherepo@0.0.3 No license field.
7 verbose installManyTop reading scoped package data from /home/max/gopath/src/github.com/Maksadbek/wherepo/ui/node_modules/browserify/package.json
8 verbose installManyTop reading scoped package data from /home/max/gopath/src/github.com/Maksadbek/wherepo/ui/node_modules/envify/package.json
9 verbose installManyTop reading scoped package data from /home/max/gopath/src/github.com/Maksadbek/wherepo/ui/node_modules/fbjs/package.json
10 verbose installManyTop reading scoped package data from /home/max/gopath/src/github.com/Maksadbek/wherepo/ui/node_modules/flux/package.json
11 verbose installManyTop reading scoped package data from /home/max/gopath/src/github.com/Maksadbek/wherepo/ui/node_modules/gulp/package.json
12 verbose installManyTop reading scoped package data from /home/max/gopath/src/github.com/Maksadbek/wherepo/ui/node_modules/gulp-inject/package.json
13 verbose installManyTop reading scoped package data from /home/max/gopath/src/github.com/Maksadbek/wherepo/ui/node_modules/gulp-react/package.json
14 verbose installManyTop reading scoped package data from /home/max/gopath/src/github.com/Maksadbek/wherepo/ui/node_modules/gulp-uglify/package.json
15 verbose installManyTop reading scoped package data from /home/max/gopath/src/github.com/Maksadbek/wherepo/ui/node_modules/keymirror/package.json
16 verbose installManyTop reading scoped package data from /home/max/gopath/src/github.com/Maksadbek/wherepo/ui/node_modules/lodash/package.json
17 verbose installManyTop reading scoped package data from /home/max/gopath/src/github.com/Maksadbek/wherepo/ui/node_modules/lunr/package.json
18 verbose installManyTop reading scoped package data from /home/max/gopath/src/github.com/Maksadbek/wherepo/ui/node_modules/material-ui/package.json
19 verbose installManyTop reading scoped package data from /home/max/gopath/src/github.com/Maksadbek/wherepo/ui/node_modules/object-assign/package.json
20 verbose installManyTop reading scoped package data from /home/max/gopath/src/github.com/Maksadbek/wherepo/ui/node_modules/react/package.json
21 verbose installManyTop reading scoped package data from /home/max/gopath/src/github.com/Maksadbek/wherepo/ui/node_modules/react-dom/package.json
22 verbose installManyTop reading scoped package data from /home/max/gopath/src/github.com/Maksadbek/wherepo/ui/node_modules/react-google-maps/package.json
23 verbose installManyTop reading scoped package data from /home/max/gopath/src/github.com/Maksadbek/wherepo/ui/node_modules/react-router/package.json
24 verbose installManyTop reading scoped package data from /home/max/gopath/src/github.com/Maksadbek/wherepo/ui/node_modules/react-tap-event-plugin/package.json
25 verbose installManyTop reading scoped package data from /home/max/gopath/src/github.com/Maksadbek/wherepo/ui/node_modules/reactify/package.json
26 verbose installManyTop reading scoped package data from /home/max/gopath/src/github.com/Maksadbek/wherepo/ui/node_modules/uglify-js/package.json
27 verbose installManyTop reading scoped package data from /home/max/gopath/src/github.com/Maksadbek/wherepo/ui/node_modules/vinyl-source-stream/package.json
28 verbose installManyTop reading scoped package data from /home/max/gopath/src/github.com/Maksadbek/wherepo/ui/node_modules/watchify/package.json
29 info package.json gulp-inject@1.5.0 No license field.
30 info package.json keymirror@0.1.1 No license field.
31 info package.json uglify-js@2.4.24 license should be a valid SPDX license expression
32 info package.json react-tap-event-plugin@0.2.0 No license field.
33 verbose readDependencies loading dependencies from /home/max/gopath/src/github.com/Maksadbek/wherepo/ui/package.json
34 silly cache add args [ 'md5', null ]
35 verbose cache add spec md5
36 silly cache add parsed spec Result {
36 silly cache add   raw: 'md5',
36 silly cache add   scope: null,
36 silly cache add   name: 'md5',
36 silly cache add   rawSpec: '',
36 silly cache add   spec: '*',
36 silly cache add   type: 'range' }
37 silly addNamed md5@*
38 verbose addNamed "*" is a valid semver range for md5
39 silly addNameRange { name: 'md5', range: '*', hasData: false }
40 silly mapToRegistry name md5
41 silly mapToRegistry using default registry
42 silly mapToRegistry registry https://registry.npmjs.org/
43 silly mapToRegistry uri https://registry.npmjs.org/md5
44 verbose addNameRange registry:https://registry.npmjs.org/md5 not in flight; fetching
45 verbose request uri https://registry.npmjs.org/md5
46 verbose request no auth needed
47 info attempt registry request try #1 at 12:30:28 AM
48 verbose request id cfb014b527769802
49 verbose etag "56Q4DTC1FMBHQ35JI3L6OZ1M"
50 http request GET https://registry.npmjs.org/md5
51 http 200 https://registry.npmjs.org/md5
52 silly get cb [ 200,
52 silly get   { server: 'CouchDB/1.5.0 (Erlang OTP/R16B03)',
52 silly get     etag: '"6X71OYA7VC382CGCNGTW5YWRG"',
52 silly get     'content-type': 'application/json',
52 silly get     'cache-control': 'max-age=60',
52 silly get     'content-length': '7203',
52 silly get     'accept-ranges': 'bytes',
52 silly get     date: 'Thu, 08 Oct 2015 19:27:55 GMT',
52 silly get     via: '1.1 varnish',
52 silly get     age: '7',
52 silly get     connection: 'keep-alive',
52 silly get     'x-served-by': 'cache-ams4148-AMS',
52 silly get     'x-cache': 'HIT',
52 silly get     'x-cache-hits': '1',
52 silly get     'x-timer': 'S1444332475.806002,VS0,VE0',
52 silly get     vary: 'Accept' } ]
53 verbose get saving md5 to /home/max/.npm/registry.npmjs.org/md5/.cache.json
54 silly addNameRange number 2 { name: 'md5', range: '*', hasData: true }
55 silly addNameRange versions [ 'md5', [ '1.0.1', '1.0.0', '2.0.0' ] ]
56 silly addNamed md5@2.0.0
57 verbose addNamed "2.0.0" is a plain semver version for md5
58 silly cache afterAdd md5@2.0.0
59 verbose afterAdd /home/max/.npm/md5/2.0.0/package/package.json not in flight; writing
60 verbose afterAdd /home/max/.npm/md5/2.0.0/package/package.json written
61 silly install resolved [ { name: 'md5',
61 silly install resolved     description: 'js function for hashing messages with MD5',
61 silly install resolved     tags: [ 'md5', 'hash', 'encryption', 'message digest' ],
61 silly install resolved     version: '2.0.0',
61 silly install resolved     author:
61 silly install resolved      { name: 'Paul Vorbach',
61 silly install resolved        email: 'paul@vorba.ch',
61 silly install resolved        url: 'http://paul.vorba.ch' },
61 silly install resolved     contributors: [ [Object] ],
61 silly install resolved     repository: { type: 'git', url: 'git://github.com/pvorb/node-md5.git' },
61 silly install resolved     bugs: { url: 'https://github.com/pvorb/node-md5/issues' },
61 silly install resolved     main: 'md5.js',
61 silly install resolved     scripts: { test: 'mocha' },
61 silly install resolved     dependencies: { charenc: '~ 0.0.1', crypt: '~ 0.0.1', 'is-buffer': '~ 1.0.2' },
61 silly install resolved     devDependencies: { mocha: '~ 1.4.2' },
61 silly install resolved     optionalDependencies: {},
61 silly install resolved     license: 'BSD-3-Clause',
61 silly install resolved     gitHead: 'c018e8932d0fbb2a200a540a055da487f4f9c150',
61 silly install resolved     homepage: 'https://github.com/pvorb/node-md5#readme',
61 silly install resolved     _id: 'md5@2.0.0',
61 silly install resolved     _shasum: '75e392e0ebd5a9b88dc7cb7a93875137b87c8a33',
61 silly install resolved     _from: 'md5@*',
61 silly install resolved     _npmVersion: '2.11.2',
61 silly install resolved     _nodeVersion: '0.12.5',
61 silly install resolved     _npmUser: { name: 'pvorb', email: 'paul@vorba.ch' },
61 silly install resolved     dist:
61 silly install resolved      { shasum: '75e392e0ebd5a9b88dc7cb7a93875137b87c8a33',
61 silly install resolved        tarball: 'http://registry.npmjs.org/md5/-/md5-2.0.0.tgz' },
61 silly install resolved     maintainers: [ [Object], [Object] ],
61 silly install resolved     directories: {},
61 silly install resolved     _resolved: 'https://registry.npmjs.org/md5/-/md5-2.0.0.tgz',
61 silly install resolved     readme: 'ERROR: No README data found!' } ]
62 info install md5@2.0.0 into /home/max/gopath/src/github.com/Maksadbek/wherepo/ui
63 info installOne md5@2.0.0
64 verbose installOne of md5 to /home/max/gopath/src/github.com/Maksadbek/wherepo/ui not in flight; installing
65 verbose lock using /home/max/.npm/_locks/md5-e20ef561a9d3a09f.lock for /home/max/gopath/src/github.com/Maksadbek/wherepo/ui/node_modules/md5
66 silly install write writing md5 2.0.0 to /home/max/gopath/src/github.com/Maksadbek/wherepo/ui/node_modules/md5
67 verbose unbuild node_modules/md5
68 silly gentlyRm /home/max/gopath/src/github.com/Maksadbek/wherepo/ui/node_modules/md5 is being purged from base /home/max/gopath/src/github.com/Maksadbek/wherepo/ui
69 verbose gentlyRm don't care about contents; nuking /home/max/gopath/src/github.com/Maksadbek/wherepo/ui/node_modules/md5
70 verbose tar unpack /home/max/.npm/md5/2.0.0/package.tgz
71 verbose tar unpacking to /home/max/gopath/src/github.com/Maksadbek/wherepo/ui/node_modules/md5
72 silly gentlyRm /home/max/gopath/src/github.com/Maksadbek/wherepo/ui/node_modules/md5 is being purged
73 verbose gentlyRm don't care about contents; nuking /home/max/gopath/src/github.com/Maksadbek/wherepo/ui/node_modules/md5
74 silly gunzTarPerm modes [ '755', '644' ]
75 silly gunzTarPerm extractEntry package.json
76 silly gunzTarPerm modified mode [ 'package.json', 438, 420 ]
77 silly gunzTarPerm extractEntry .npmignore
78 silly gunzTarPerm modified mode [ '.npmignore', 438, 420 ]
79 silly gunzTarPerm extractEntry README.md
80 silly gunzTarPerm modified mode [ 'README.md', 438, 420 ]
81 silly gunzTarPerm extractEntry LICENSE
82 silly gunzTarPerm modified mode [ 'LICENSE', 438, 420 ]
83 silly gunzTarPerm extractEntry md5.js
84 silly gunzTarPerm modified mode [ 'md5.js', 438, 420 ]
85 silly gunzTarPerm extractEntry test.js
86 silly gunzTarPerm modified mode [ 'test.js', 438, 420 ]
87 silly gunzTarPerm extractEntry .travis.yml
88 silly gunzTarPerm modified mode [ '.travis.yml', 438, 420 ]
89 verbose write writing to /home/max/gopath/src/github.com/Maksadbek/wherepo/ui/node_modules/md5/package.json
90 info preinstall md5@2.0.0
91 verbose readDependencies loading dependencies from /home/max/gopath/src/github.com/Maksadbek/wherepo/ui/node_modules/md5/package.json
92 silly prepareForInstallMany adding charenc@~ 0.0.1 from md5 dependencies
93 silly prepareForInstallMany adding crypt@~ 0.0.1 from md5 dependencies
94 silly prepareForInstallMany adding is-buffer@~ 1.0.2 from md5 dependencies
95 verbose readDependencies loading dependencies from /home/max/gopath/src/github.com/Maksadbek/wherepo/ui/node_modules/md5/package.json
96 silly cache add args [ 'charenc@~ 0.0.1', null ]
97 verbose cache add spec charenc@~ 0.0.1
98 silly cache add args [ 'crypt@~ 0.0.1', null ]
99 verbose cache add spec crypt@~ 0.0.1
100 silly cache add parsed spec Result {
100 silly cache add   raw: 'charenc@~ 0.0.1',
100 silly cache add   scope: null,
100 silly cache add   name: 'charenc',
100 silly cache add   rawSpec: '~ 0.0.1',
100 silly cache add   spec: '>=0.0.1 <0.1.0',
100 silly cache add   type: 'range' }
101 silly addNamed charenc@>=0.0.1 <0.1.0
102 verbose addNamed ">=0.0.1 <0.1.0" is a valid semver range for charenc
103 silly addNameRange { name: 'charenc', range: '>=0.0.1 <0.1.0', hasData: false }
104 silly mapToRegistry name charenc
105 silly mapToRegistry using default registry
106 silly mapToRegistry registry https://registry.npmjs.org/
107 silly mapToRegistry uri https://registry.npmjs.org/charenc
108 verbose addNameRange registry:https://registry.npmjs.org/charenc not in flight; fetching
109 silly cache add parsed spec Result {
109 silly cache add   raw: 'crypt@~ 0.0.1',
109 silly cache add   scope: null,
109 silly cache add   name: 'crypt',
109 silly cache add   rawSpec: '~ 0.0.1',
109 silly cache add   spec: '>=0.0.1 <0.1.0',
109 silly cache add   type: 'range' }
110 silly addNamed crypt@>=0.0.1 <0.1.0
111 verbose addNamed ">=0.0.1 <0.1.0" is a valid semver range for crypt
112 silly addNameRange { name: 'crypt', range: '>=0.0.1 <0.1.0', hasData: false }
113 silly mapToRegistry name crypt
114 silly mapToRegistry using default registry
115 silly mapToRegistry registry https://registry.npmjs.org/
116 silly mapToRegistry uri https://registry.npmjs.org/crypt
117 verbose addNameRange registry:https://registry.npmjs.org/crypt not in flight; fetching
118 silly cache add args [ 'is-buffer@~ 1.0.2', null ]
119 verbose cache add spec is-buffer@~ 1.0.2
120 silly cache add parsed spec Result {
120 silly cache add   raw: 'is-buffer@~ 1.0.2',
120 silly cache add   scope: null,
120 silly cache add   name: 'is-buffer',
120 silly cache add   rawSpec: '~ 1.0.2',
120 silly cache add   spec: '>=1.0.2 <1.1.0',
120 silly cache add   type: 'range' }
121 silly addNamed is-buffer@>=1.0.2 <1.1.0
122 verbose addNamed ">=1.0.2 <1.1.0" is a valid semver range for is-buffer
123 silly addNameRange { name: 'is-buffer', range: '>=1.0.2 <1.1.0', hasData: false }
124 silly mapToRegistry name is-buffer
125 silly mapToRegistry using default registry
126 silly mapToRegistry registry https://registry.npmjs.org/
127 silly mapToRegistry uri https://registry.npmjs.org/is-buffer
128 verbose addNameRange registry:https://registry.npmjs.org/is-buffer not in flight; fetching
129 verbose request uri https://registry.npmjs.org/is-buffer
130 verbose request no auth needed
131 info attempt registry request try #1 at 12:30:29 AM
132 verbose etag "DIF9DJ8LI2336ISVZQ1LXHD4H"
133 http request GET https://registry.npmjs.org/is-buffer
134 verbose request uri https://registry.npmjs.org/charenc
135 verbose request no auth needed
136 info attempt registry request try #1 at 12:30:29 AM
137 verbose etag "56QWGF6L07H5HVAFRB2ZA83YH"
138 http request GET https://registry.npmjs.org/charenc
139 verbose request uri https://registry.npmjs.org/crypt
140 verbose request no auth needed
141 info attempt registry request try #1 at 12:30:29 AM
142 verbose etag "645DM9B0EL8881WN2UNM01P0E"
143 http request GET https://registry.npmjs.org/crypt
144 http 304 https://registry.npmjs.org/charenc
145 silly get cb [ 304,
145 silly get   { date: 'Thu, 08 Oct 2015 19:27:56 GMT',
145 silly get     via: '1.1 varnish',
145 silly get     'cache-control': 'max-age=60',
145 silly get     etag: '"56QWGF6L07H5HVAFRB2ZA83YH"',
145 silly get     age: '44',
145 silly get     connection: 'keep-alive',
145 silly get     'x-served-by': 'cache-ams4139-AMS',
145 silly get     'x-cache': 'HIT',
145 silly get     'x-cache-hits': '1',
145 silly get     'x-timer': 'S1444332476.701277,VS0,VE0',
145 silly get     vary: 'Accept' } ]
146 verbose etag https://registry.npmjs.org/charenc from cache
147 verbose get saving charenc to /home/max/.npm/registry.npmjs.org/charenc/.cache.json
148 http 304 https://registry.npmjs.org/crypt
149 silly get cb [ 304,
149 silly get   { date: 'Thu, 08 Oct 2015 19:27:56 GMT',
149 silly get     via: '1.1 varnish',
149 silly get     'cache-control': 'max-age=60',
149 silly get     etag: '"645DM9B0EL8881WN2UNM01P0E"',
149 silly get     age: '43',
149 silly get     connection: 'keep-alive',
149 silly get     'x-served-by': 'cache-ams4128-AMS',
149 silly get     'x-cache': 'HIT',
149 silly get     'x-cache-hits': '1',
149 silly get     'x-timer': 'S1444332476.702467,VS0,VE0',
149 silly get     vary: 'Accept' } ]
150 verbose etag https://registry.npmjs.org/crypt from cache
151 verbose get saving crypt to /home/max/.npm/registry.npmjs.org/crypt/.cache.json
152 silly addNameRange number 2 { name: 'crypt', range: '>=0.0.1 <0.1.0', hasData: true }
153 silly addNameRange versions [ 'crypt', [ '0.0.0', '0.0.1' ] ]
154 silly addNamed crypt@0.0.1
155 verbose addNamed "0.0.1" is a plain semver version for crypt
156 silly addNameRange number 2 { name: 'charenc', range: '>=0.0.1 <0.1.0', hasData: true }
157 silly addNameRange versions [ 'charenc', [ '0.0.0', '0.0.1' ] ]
158 silly addNamed charenc@0.0.1
159 verbose addNamed "0.0.1" is a plain semver version for charenc
160 silly cache afterAdd crypt@0.0.1
161 verbose afterAdd /home/max/.npm/crypt/0.0.1/package/package.json not in flight; writing
162 silly cache afterAdd charenc@0.0.1
163 verbose afterAdd /home/max/.npm/charenc/0.0.1/package/package.json not in flight; writing
164 verbose afterAdd /home/max/.npm/crypt/0.0.1/package/package.json written
165 verbose afterAdd /home/max/.npm/charenc/0.0.1/package/package.json written
166 http 304 https://registry.npmjs.org/is-buffer
167 silly get cb [ 304,
167 silly get   { date: 'Thu, 08 Oct 2015 19:27:57 GMT',
167 silly get     via: '1.1 varnish',
167 silly get     'cache-control': 'max-age=60',
167 silly get     etag: '"DIF9DJ8LI2336ISVZQ1LXHD4H"',
167 silly get     age: '38',
167 silly get     connection: 'keep-alive',
167 silly get     'x-served-by': 'cache-ams4139-AMS',
167 silly get     'x-cache': 'HIT',
167 silly get     'x-cache-hits': '1',
167 silly get     'x-timer': 'S1444332477.615860,VS0,VE0',
167 silly get     vary: 'Accept' } ]
168 verbose etag https://registry.npmjs.org/is-buffer from cache
169 verbose get saving is-buffer to /home/max/.npm/registry.npmjs.org/is-buffer/.cache.json
170 silly addNameRange number 2 { name: 'is-buffer', range: '>=1.0.2 <1.1.0', hasData: true }
171 silly addNameRange versions [ 'is-buffer', [ '1.0.0', '1.0.1', '1.0.2', '1.1.0' ] ]
172 silly addNamed is-buffer@1.0.2
173 verbose addNamed "1.0.2" is a plain semver version for is-buffer
174 silly cache afterAdd is-buffer@1.0.2
175 verbose afterAdd /home/max/.npm/is-buffer/1.0.2/package/package.json not in flight; writing
176 verbose afterAdd /home/max/.npm/is-buffer/1.0.2/package/package.json written
177 silly install resolved [ { author:
177 silly install resolved      { name: 'Paul Vorbach',
177 silly install resolved        email: 'paul@vorb.de',
177 silly install resolved        url: 'http://vorb.de' },
177 silly install resolved     name: 'crypt',
177 silly install resolved     description: 'utilities for encryption and hashing',
177 silly install resolved     tags: [ 'hash', 'security' ],
177 silly install resolved     version: '0.0.1',
177 silly install resolved     repository: { type: 'git', url: 'git://github.com/pvorb/node-crypt.git' },
177 silly install resolved     bugs: { url: 'https://github.com/pvorb/node-crypt/issues' },
177 silly install resolved     main: 'crypt.js',
177 silly install resolved     engines: { node: '*' },
177 silly install resolved     _npmUser: { name: 'pvorb', email: 'paul@vorb.de' },
177 silly install resolved     _id: 'crypt@0.0.1',
177 silly install resolved     dependencies: {},
177 silly install resolved     devDependencies: {},
177 silly install resolved     _engineSupported: true,
177 silly install resolved     _npmVersion: '1.0.103',
177 silly install resolved     _nodeVersion: 'v0.4.12',
177 silly install resolved     _defaultsLoaded: true,
177 silly install resolved     dist:
177 silly install resolved      { shasum: '5f11b21a6c05ef1b5e79708366da6374ece1e6a2',
177 silly install resolved        tarball: 'http://registry.npmjs.org/crypt/-/crypt-0.0.1.tgz' },
177 silly install resolved     maintainers: [ [Object] ],
177 silly install resolved     directories: {},
177 silly install resolved     _shasum: '5f11b21a6c05ef1b5e79708366da6374ece1e6a2',
177 silly install resolved     _resolved: 'https://registry.npmjs.org/crypt/-/crypt-0.0.1.tgz',
177 silly install resolved     _from: 'crypt@>=0.0.1 <0.1.0',
177 silly install resolved     readme: 'ERROR: No README data found!',
177 silly install resolved     homepage: 'https://github.com/pvorb/node-crypt#readme' },
177 silly install resolved   { author:
177 silly install resolved      { name: 'Paul Vorbach',
177 silly install resolved        email: 'paul@vorb.de',
177 silly install resolved        url: 'http://vorb.de' },
177 silly install resolved     name: 'charenc',
177 silly install resolved     description: 'character encoding utilities',
177 silly install resolved     tags: [ 'utf8', 'binary', 'byte', 'string' ],
177 silly install resolved     version: '0.0.1',
177 silly install resolved     repository: { type: 'git', url: 'git://github.com/pvorb/node-charenc.git' },
177 silly install resolved     bugs: { url: 'https://github.com/pvorb/node-charenc/issues' },
177 silly install resolved     main: 'charenc.js',
177 silly install resolved     engines: { node: '*' },
177 silly install resolved     _npmUser: { name: 'pvorb', email: 'paul@vorb.de' },
177 silly install resolved     _id: 'charenc@0.0.1',
177 silly install resolved     dependencies: {},
177 silly install resolved     devDependencies: {},
177 silly install resolved     _engineSupported: true,
177 silly install resolved     _npmVersion: '1.0.103',
177 silly install resolved     _nodeVersion: 'v0.4.12',
177 silly install resolved     _defaultsLoaded: true,
177 silly install resolved     dist:
177 silly install resolved      { shasum: '004cff9feaf102382ed12db58dd6f962796d6e88',
177 silly install resolved        tarball: 'http://registry.npmjs.org/charenc/-/charenc-0.0.1.tgz' },
177 silly install resolved     maintainers: [ [Object] ],
177 silly install resolved     directories: {},
177 silly install resolved     _shasum: '004cff9feaf102382ed12db58dd6f962796d6e88',
177 silly install resolved     _resolved: 'https://registry.npmjs.org/charenc/-/charenc-0.0.1.tgz',
177 silly install resolved     _from: 'charenc@>=0.0.1 <0.1.0',
177 silly install resolved     readme: 'ERROR: No README data found!',
177 silly install resolved     homepage: 'https://github.com/pvorb/node-charenc#readme' },
177 silly install resolved   { name: 'is-buffer',
177 silly install resolved     description: 'Determine if an object is Buffer',
177 silly install resolved     version: '1.0.2',
177 silly install resolved     author:
177 silly install resolved      { name: 'Feross Aboukhadijeh',
177 silly install resolved        email: 'feross@feross.org',
177 silly install resolved        url: 'http://feross.org/' },
177 silly install resolved     bugs: { url: 'https://github.com/feross/is-buffer/issues' },
177 silly install resolved     dependencies: {},
177 silly install resolved     devDependencies: { tape: '^4.0.0', zuul: '^3.0.0' },
177 silly install resolved     homepage: 'http://feross.org',
177 silly install resolved     keywords:
177 silly install resolved      [ 'buffer',
177 silly install resolved        'buffers',
177 silly install resolved        'type',
177 silly install resolved        'core buffer',
177 silly install resolved        'browser buffer',
177 silly install resolved        'browserify',
177 silly install resolved        'typed array',
177 silly install resolved        'uint32array',
177 silly install resolved        'int16array',
177 silly install resolved        'int32array',
177 silly install resolved        'float32array',
177 silly install resolved        'float64array',
177 silly install resolved        'browser',
177 silly install resolved        'arraybuffer',
177 silly install resolved        'dataview' ],
177 silly install resolved     license: 'MIT',
177 silly install resolved     main: 'index.js',
177 silly install resolved     repository: { type: 'git', url: 'git://github.com/feross/is-buffer.git' },
177 silly install resolved     scripts:
177 silly install resolved      { test: 'npm run test-node && npm run test-browser',
177 silly install resolved        'test-browser': 'zuul -- test/*.js',
177 silly install resolved        'test-browser-local': 'zuul --local -- test/*.js',
177 silly install resolved        'test-node': 'tape test/*.js' },
177 silly install resolved     testling: { files: 'test/*.js' },
177 silly install resolved     gitHead: 'cad65fd0f6844c296c743c4ec521c130224de90e',
177 silly install resolved     _id: 'is-buffer@1.0.2',
177 silly install resolved     _shasum: 'f5c6c051d73f86f11b4ee14267cc1029fce261d0',
177 silly install resolved     _from: 'is-buffer@>=1.0.2 <1.1.0',
177 silly install resolved     _npmVersion: '2.7.4',
177 silly install resolved     _nodeVersion: '0.12.2',
177 silly install resolved     _npmUser: { name: 'feross', email: 'feross@feross.org' },
177 silly install resolved     maintainers: [ [Object] ],
177 silly install resolved     dist:
177 silly install resolved      { shasum: 'f5c6c051d73f86f11b4ee14267cc1029fce261d0',
177 silly install resolved        tarball: 'http://registry.npmjs.org/is-buffer/-/is-buffer-1.0.2.tgz' },
177 silly install resolved     directories: {},
177 silly install resolved     _resolved: 'https://registry.npmjs.org/is-buffer/-/is-buffer-1.0.2.tgz',
177 silly install resolved     readme: 'ERROR: No README data found!' } ]
178 info install crypt@0.0.1 into /home/max/gopath/src/github.com/Maksadbek/wherepo/ui/node_modules/md5
179 info install charenc@0.0.1 into /home/max/gopath/src/github.com/Maksadbek/wherepo/ui/node_modules/md5
180 info install is-buffer@1.0.2 into /home/max/gopath/src/github.com/Maksadbek/wherepo/ui/node_modules/md5
181 info installOne crypt@0.0.1
182 verbose installOne of crypt to /home/max/gopath/src/github.com/Maksadbek/wherepo/ui/node_modules/md5 not in flight; installing
183 info installOne charenc@0.0.1
184 verbose installOne of charenc to /home/max/gopath/src/github.com/Maksadbek/wherepo/ui/node_modules/md5 not in flight; installing
185 info installOne is-buffer@1.0.2
186 verbose installOne of is-buffer to /home/max/gopath/src/github.com/Maksadbek/wherepo/ui/node_modules/md5 not in flight; installing
187 verbose lock using /home/max/.npm/_locks/crypt-6abf6fe0285a2b02.lock for /home/max/gopath/src/github.com/Maksadbek/wherepo/ui/node_modules/md5/node_modules/crypt
188 verbose lock using /home/max/.npm/_locks/charenc-ef9ce8970570f63f.lock for /home/max/gopath/src/github.com/Maksadbek/wherepo/ui/node_modules/md5/node_modules/charenc
189 verbose lock using /home/max/.npm/_locks/is-buffer-3da8240992713157.lock for /home/max/gopath/src/github.com/Maksadbek/wherepo/ui/node_modules/md5/node_modules/is-buffer
190 silly install write writing crypt 0.0.1 to /home/max/gopath/src/github.com/Maksadbek/wherepo/ui/node_modules/md5/node_modules/crypt
191 silly install write writing charenc 0.0.1 to /home/max/gopath/src/github.com/Maksadbek/wherepo/ui/node_modules/md5/node_modules/charenc
192 silly install write writing is-buffer 1.0.2 to /home/max/gopath/src/github.com/Maksadbek/wherepo/ui/node_modules/md5/node_modules/is-buffer
193 verbose unbuild node_modules/md5/node_modules/crypt
194 verbose unbuild node_modules/md5/node_modules/charenc
195 verbose unbuild node_modules/md5/node_modules/is-buffer
196 silly gentlyRm /home/max/gopath/src/github.com/Maksadbek/wherepo/ui/node_modules/md5/node_modules/crypt is being purged from base /home/max/gopath/src/github.com/Maksadbek/wherepo/ui
197 verbose gentlyRm don't care about contents; nuking /home/max/gopath/src/github.com/Maksadbek/wherepo/ui/node_modules/md5/node_modules/crypt
198 silly gentlyRm /home/max/gopath/src/github.com/Maksadbek/wherepo/ui/node_modules/md5/node_modules/charenc is being purged from base /home/max/gopath/src/github.com/Maksadbek/wherepo/ui
199 verbose gentlyRm don't care about contents; nuking /home/max/gopath/src/github.com/Maksadbek/wherepo/ui/node_modules/md5/node_modules/charenc
200 silly gentlyRm /home/max/gopath/src/github.com/Maksadbek/wherepo/ui/node_modules/md5/node_modules/is-buffer is being purged from base /home/max/gopath/src/github.com/Maksadbek/wherepo/ui
201 verbose gentlyRm don't care about contents; nuking /home/max/gopath/src/github.com/Maksadbek/wherepo/ui/node_modules/md5/node_modules/is-buffer
202 verbose tar unpack /home/max/.npm/crypt/0.0.1/package.tgz
203 verbose tar unpacking to /home/max/gopath/src/github.com/Maksadbek/wherepo/ui/node_modules/md5/node_modules/crypt
204 silly gentlyRm /home/max/gopath/src/github.com/Maksadbek/wherepo/ui/node_modules/md5/node_modules/crypt is being purged
205 verbose gentlyRm don't care about contents; nuking /home/max/gopath/src/github.com/Maksadbek/wherepo/ui/node_modules/md5/node_modules/crypt
206 verbose tar unpack /home/max/.npm/charenc/0.0.1/package.tgz
207 verbose tar unpacking to /home/max/gopath/src/github.com/Maksadbek/wherepo/ui/node_modules/md5/node_modules/charenc
208 silly gentlyRm /home/max/gopath/src/github.com/Maksadbek/wherepo/ui/node_modules/md5/node_modules/charenc is being purged
209 verbose gentlyRm don't care about contents; nuking /home/max/gopath/src/github.com/Maksadbek/wherepo/ui/node_modules/md5/node_modules/charenc
210 verbose tar unpack /home/max/.npm/is-buffer/1.0.2/package.tgz
211 verbose tar unpacking to /home/max/gopath/src/github.com/Maksadbek/wherepo/ui/node_modules/md5/node_modules/is-buffer
212 silly gentlyRm /home/max/gopath/src/github.com/Maksadbek/wherepo/ui/node_modules/md5/node_modules/is-buffer is being purged
213 verbose gentlyRm don't care about contents; nuking /home/max/gopath/src/github.com/Maksadbek/wherepo/ui/node_modules/md5/node_modules/is-buffer
214 silly gunzTarPerm modes [ '755', '644' ]
215 silly gunzTarPerm modes [ '755', '644' ]
216 silly gunzTarPerm modes [ '755', '644' ]
217 silly gunzTarPerm extractEntry crypt.js
218 silly gunzTarPerm extractEntry charenc.js
219 silly gunzTarPerm extractEntry package.json
220 silly gunzTarPerm extractEntry README.mkd
221 silly gunzTarPerm extractEntry package.json
222 silly gunzTarPerm extractEntry package.json
223 silly gunzTarPerm extractEntry LICENSE.mkd
224 silly gunzTarPerm extractEntry README.md
225 silly gunzTarPerm extractEntry LICENSE
226 silly gunzTarPerm extractEntry README.js
227 silly gunzTarPerm extractEntry index.js
228 silly gunzTarPerm extractEntry .travis.yml
229 silly gunzTarPerm extractEntry LICENSE.mkd
230 silly gunzTarPerm extractEntry .zuul.yml
231 silly gunzTarPerm extractEntry test/basic.js
232 verbose write writing to /home/max/gopath/src/github.com/Maksadbek/wherepo/ui/node_modules/md5/node_modules/charenc/package.json
233 verbose write writing to /home/max/gopath/src/github.com/Maksadbek/wherepo/ui/node_modules/md5/node_modules/crypt/package.json
234 info preinstall charenc@0.0.1
235 verbose readDependencies loading dependencies from /home/max/gopath/src/github.com/Maksadbek/wherepo/ui/node_modules/md5/node_modules/charenc/package.json
236 info preinstall crypt@0.0.1
237 verbose readDependencies loading dependencies from /home/max/gopath/src/github.com/Maksadbek/wherepo/ui/node_modules/md5/node_modules/crypt/package.json
238 verbose readDependencies loading dependencies from /home/max/gopath/src/github.com/Maksadbek/wherepo/ui/node_modules/md5/node_modules/charenc/package.json
239 verbose readDependencies loading dependencies from /home/max/gopath/src/github.com/Maksadbek/wherepo/ui/node_modules/md5/node_modules/crypt/package.json
240 silly install resolved []
241 verbose about to build /home/max/gopath/src/github.com/Maksadbek/wherepo/ui/node_modules/md5/node_modules/charenc
242 info build /home/max/gopath/src/github.com/Maksadbek/wherepo/ui/node_modules/md5/node_modules/charenc
243 silly install resolved []
244 verbose about to build /home/max/gopath/src/github.com/Maksadbek/wherepo/ui/node_modules/md5/node_modules/crypt
245 info build /home/max/gopath/src/github.com/Maksadbek/wherepo/ui/node_modules/md5/node_modules/crypt
246 info linkStuff charenc@0.0.1
247 silly linkStuff charenc@0.0.1 has /home/max/gopath/src/github.com/Maksadbek/wherepo/ui/node_modules/md5/node_modules as its parent node_modules
248 info linkStuff crypt@0.0.1
249 silly linkStuff crypt@0.0.1 has /home/max/gopath/src/github.com/Maksadbek/wherepo/ui/node_modules/md5/node_modules as its parent node_modules
250 verbose linkBins charenc@0.0.1
251 verbose linkMans charenc@0.0.1
252 verbose rebuildBundles charenc@0.0.1
253 verbose write writing to /home/max/gopath/src/github.com/Maksadbek/wherepo/ui/node_modules/md5/node_modules/is-buffer/package.json
254 info install charenc@0.0.1
255 info postinstall charenc@0.0.1
256 verbose linkBins crypt@0.0.1
257 verbose linkMans crypt@0.0.1
258 verbose rebuildBundles crypt@0.0.1
259 info install crypt@0.0.1
260 info preinstall is-buffer@1.0.2
261 verbose unlock done using /home/max/.npm/_locks/charenc-ef9ce8970570f63f.lock for /home/max/gopath/src/github.com/Maksadbek/wherepo/ui/node_modules/md5/node_modules/charenc
262 info postinstall crypt@0.0.1
263 verbose readDependencies loading dependencies from /home/max/gopath/src/github.com/Maksadbek/wherepo/ui/node_modules/md5/node_modules/is-buffer/package.json
264 verbose unlock done using /home/max/.npm/_locks/crypt-6abf6fe0285a2b02.lock for /home/max/gopath/src/github.com/Maksadbek/wherepo/ui/node_modules/md5/node_modules/crypt
265 verbose readDependencies loading dependencies from /home/max/gopath/src/github.com/Maksadbek/wherepo/ui/node_modules/md5/node_modules/is-buffer/package.json
266 silly install resolved []
267 verbose about to build /home/max/gopath/src/github.com/Maksadbek/wherepo/ui/node_modules/md5/node_modules/is-buffer
268 info build /home/max/gopath/src/github.com/Maksadbek/wherepo/ui/node_modules/md5/node_modules/is-buffer
269 info linkStuff is-buffer@1.0.2
270 silly linkStuff is-buffer@1.0.2 has /home/max/gopath/src/github.com/Maksadbek/wherepo/ui/node_modules/md5/node_modules as its parent node_modules
271 verbose linkBins is-buffer@1.0.2
272 verbose linkMans is-buffer@1.0.2
273 verbose rebuildBundles is-buffer@1.0.2
274 info install is-buffer@1.0.2
275 info postinstall is-buffer@1.0.2
276 verbose unlock done using /home/max/.npm/_locks/is-buffer-3da8240992713157.lock for /home/max/gopath/src/github.com/Maksadbek/wherepo/ui/node_modules/md5/node_modules/is-buffer
277 verbose about to build /home/max/gopath/src/github.com/Maksadbek/wherepo/ui/node_modules/md5
278 info build /home/max/gopath/src/github.com/Maksadbek/wherepo/ui/node_modules/md5
279 info linkStuff md5@2.0.0
280 silly linkStuff md5@2.0.0 has /home/max/gopath/src/github.com/Maksadbek/wherepo/ui/node_modules as its parent node_modules
281 verbose linkBins md5@2.0.0
282 verbose linkMans md5@2.0.0
283 verbose rebuildBundles md5@2.0.0
284 verbose rebuildBundles [ 'charenc', 'crypt', 'is-buffer' ]
285 info install md5@2.0.0
286 info postinstall md5@2.0.0
287 verbose unlock done using /home/max/.npm/_locks/md5-e20ef561a9d3a09f.lock for /home/max/gopath/src/github.com/Maksadbek/wherepo/ui/node_modules/md5
288 verbose validateInstall loading /home/max/gopath/src/github.com/Maksadbek/wherepo/ui/package.json for validation
289 verbose stack Error: The package react@0.14.0 does not satisfy its siblings' peerDependencies requirements!
289 verbose stack     at /opt/node-v4.0.0-linux-x64/lib/node_modules/npm/lib/install.js:125:32
289 verbose stack     at /opt/node-v4.0.0-linux-x64/lib/node_modules/npm/lib/install.js:268:7
289 verbose stack     at /opt/node-v4.0.0-linux-x64/lib/node_modules/npm/node_modules/read-installed/read-installed.js:142:5
289 verbose stack     at /opt/node-v4.0.0-linux-x64/lib/node_modules/npm/node_modules/read-installed/read-installed.js:263:14
289 verbose stack     at cb (/opt/node-v4.0.0-linux-x64/lib/node_modules/npm/node_modules/slide/lib/async-map.js:47:24)
289 verbose stack     at /opt/node-v4.0.0-linux-x64/lib/node_modules/npm/node_modules/read-installed/read-installed.js:263:14
289 verbose stack     at cb (/opt/node-v4.0.0-linux-x64/lib/node_modules/npm/node_modules/slide/lib/async-map.js:47:24)
289 verbose stack     at /opt/node-v4.0.0-linux-x64/lib/node_modules/npm/node_modules/read-installed/read-installed.js:263:14
289 verbose stack     at cb (/opt/node-v4.0.0-linux-x64/lib/node_modules/npm/node_modules/slide/lib/async-map.js:47:24)
289 verbose stack     at /opt/node-v4.0.0-linux-x64/lib/node_modules/npm/node_modules/read-installed/read-installed.js:263:14
290 verbose cwd /home/max/gopath/src/github.com/Maksadbek/wherepo/ui
291 error Linux 3.16.0-4-amd64
292 error argv "/opt/node-v4.0.0-linux-x64/bin/node" "/opt/node-v4.0.0-linux-x64/bin/npm" "i" "md5" "--save"
293 error node v4.0.0
294 error npm  v2.14.2
295 error code EPEERINVALID
296 error peerinvalid The package react@0.14.0 does not satisfy its siblings' peerDependencies requirements!
296 error peerinvalid Peer material-ui@0.12.3 wants react@~0.13
296 error peerinvalid Peer react-google-maps@4.0.0 wants react@^0.14.0
296 error peerinvalid Peer react-tap-event-plugin@0.2.0 wants react@^0.14.0-0
297 verbose exit [ 1, true ]
